<?xml version="1.0" encoding="UTF-8"?>
<!-- Generated by org.testng.reporters.JUnitXMLReporter -->
<testsuite hostname="PG01MM1X" name="LoginTest_Sanity" tests="1" failures="1" timestamp="14 Apr 2023 09:51:50 GMT" time="0.027" errors="0">
  <testcase name="userLogin" time="0.012" classname="com.Sanity.tests.LoginTest">
    <failure type="java.lang.NullPointerException">
      <![CDATA[java.lang.NullPointerException
	at com.qa.testlistener.TestListeners.onTestSkipped(TestListeners.java:18)
... Removed 22 stack frames]]>
    </failure>
  </testcase> <!-- userLogin -->
</testsuite> <!-- LoginTest_Sanity -->
