<?xml version="1.0" encoding="UTF-8"?>
<testng-results skipped="3" failed="3" total="6" passed="0">
  <reporter-output>
  </reporter-output>
  <suite name="Demo" duration-ms="74" started-at="2023-04-14T09:51:50Z" finished-at="2023-04-14T09:51:50Z">
    <groups>
    </groups>
    <test name="LoginTest_Sanity" duration-ms="27" started-at="2023-04-14T09:51:50Z" finished-at="2023-04-14T09:51:50Z">
      <class name="com.Sanity.tests.LoginTest">
        <test-method status="FAIL" signature="userLogin()[pri:1, instance:com.Sanity.tests.LoginTest@5b464ce8]" name="userLogin" duration-ms="12" started-at="2023-04-14T15:21:50Z" finished-at="2023-04-14T15:21:50Z">
          <exception class="java.lang.NullPointerException">
            <full-stacktrace>
              <![CDATA[java.lang.NullPointerException
	at com.qa.testlistener.TestListeners.onTestSkipped(TestListeners.java:18)
	at org.testng.internal.Invoker.runTestListeners(Invoker.java:1685)
	at org.testng.internal.Invoker.runTestListeners(Invoker.java:1677)
	at org.testng.internal.Invoker.invokeMethod(Invoker.java:702)
	at org.testng.internal.Invoker.invokeTestMethod(Invoker.java:822)
	at org.testng.internal.Invoker.invokeTestMethods(Invoker.java:1130)
	at org.testng.internal.TestMethodWorker.invokeTestMethods(TestMethodWorker.java:129)
	at org.testng.internal.TestMethodWorker.run(TestMethodWorker.java:112)
	at org.testng.TestRunner.privateRun(TestRunner.java:782)
	at org.testng.TestRunner.run(TestRunner.java:632)
	at org.testng.SuiteRunner.runTest(SuiteRunner.java:366)
	at org.testng.SuiteRunner.runSequentially(SuiteRunner.java:361)
	at org.testng.SuiteRunner.privateRun(SuiteRunner.java:319)
	at org.testng.SuiteRunner.run(SuiteRunner.java:268)
	at org.testng.SuiteRunnerWorker.runSuite(SuiteRunnerWorker.java:52)
	at org.testng.SuiteRunnerWorker.run(SuiteRunnerWorker.java:86)
	at org.testng.TestNG.runSuitesSequentially(TestNG.java:1244)
	at org.testng.TestNG.runSuitesSequentially(TestNG.java:1240)
	at org.testng.TestNG.runSuitesLocally(TestNG.java:1169)
	at org.testng.TestNG.run(TestNG.java:1064)
	at org.testng.remote.RemoteTestNG.run(RemoteTestNG.java:113)
	at org.testng.remote.RemoteTestNG.initAndRun(RemoteTestNG.java:206)
	at org.testng.remote.RemoteTestNG.main(RemoteTestNG.java:177)
]]>
            </full-stacktrace>
          </exception> <!-- java.lang.NullPointerException -->
          <reporter-output>
          </reporter-output>
        </test-method> <!-- userLogin -->
        <test-method status="SKIP" signature="userLogin()[pri:1, instance:com.Sanity.tests.LoginTest@5b464ce8]" name="userLogin" duration-ms="6" started-at="2023-04-14T15:21:50Z" finished-at="2023-04-14T15:21:50Z">
          <reporter-output>
          </reporter-output>
        </test-method> <!-- userLogin -->
      </class> <!-- com.Sanity.tests.LoginTest -->
    </test> <!-- LoginTest_Sanity -->
    <test name="LoginTest_Regression" duration-ms="3" started-at="2023-04-14T09:51:50Z" finished-at="2023-04-14T09:51:50Z">
      <class name="com.Regression.tests.LoginTest">
        <test-method status="FAIL" signature="userLogin(java.lang.String)[pri:1, instance:com.Regression.tests.LoginTest@79b4d0f]" name="userLogin" duration-ms="1" started-at="2023-04-14T15:21:50Z" finished-at="2023-04-14T15:21:50Z">
          <exception class="java.lang.NullPointerException">
            <full-stacktrace>
              <![CDATA[java.lang.NullPointerException
	at com.qa.testlistener.TestListeners.onTestSkipped(TestListeners.java:18)
	at org.testng.internal.Invoker.runTestListeners(Invoker.java:1685)
	at org.testng.internal.Invoker.runTestListeners(Invoker.java:1677)
	at org.testng.internal.Invoker.invokeMethod(Invoker.java:702)
	at org.testng.internal.Invoker.invokeTestMethod(Invoker.java:822)
	at org.testng.internal.Invoker.invokeTestMethods(Invoker.java:1130)
	at org.testng.internal.TestMethodWorker.invokeTestMethods(TestMethodWorker.java:129)
	at org.testng.internal.TestMethodWorker.run(TestMethodWorker.java:112)
	at org.testng.TestRunner.privateRun(TestRunner.java:782)
	at org.testng.TestRunner.run(TestRunner.java:632)
	at org.testng.SuiteRunner.runTest(SuiteRunner.java:366)
	at org.testng.SuiteRunner.runSequentially(SuiteRunner.java:361)
	at org.testng.SuiteRunner.privateRun(SuiteRunner.java:319)
	at org.testng.SuiteRunner.run(SuiteRunner.java:268)
	at org.testng.SuiteRunnerWorker.runSuite(SuiteRunnerWorker.java:52)
	at org.testng.SuiteRunnerWorker.run(SuiteRunnerWorker.java:86)
	at org.testng.TestNG.runSuitesSequentially(TestNG.java:1244)
	at org.testng.TestNG.runSuitesSequentially(TestNG.java:1240)
	at org.testng.TestNG.runSuitesLocally(TestNG.java:1169)
	at org.testng.TestNG.run(TestNG.java:1064)
	at org.testng.remote.RemoteTestNG.run(RemoteTestNG.java:113)
	at org.testng.remote.RemoteTestNG.initAndRun(RemoteTestNG.java:206)
	at org.testng.remote.RemoteTestNG.main(RemoteTestNG.java:177)
]]>
            </full-stacktrace>
          </exception> <!-- java.lang.NullPointerException -->
          <reporter-output>
          </reporter-output>
        </test-method> <!-- userLogin -->
        <test-method status="SKIP" signature="userLogin(java.lang.String)[pri:1, instance:com.Regression.tests.LoginTest@79b4d0f]" name="userLogin" duration-ms="0" started-at="2023-04-14T15:21:50Z" finished-at="2023-04-14T15:21:50Z">
          <params>
            <param index="0">
              <value>
                <![CDATA[Chrome]]>
              </value>
            </param>
          </params>
          <reporter-output>
          </reporter-output>
        </test-method> <!-- userLogin -->
      </class> <!-- com.Regression.tests.LoginTest -->
    </test> <!-- LoginTest_Regression -->
    <test name="LoginTest_FailCase" duration-ms="3" started-at="2023-04-14T09:51:50Z" finished-at="2023-04-14T09:51:50Z">
      <class name="com.FailDemo.tests.LoginTest">
        <test-method status="FAIL" signature="setUp(java.lang.String)[pri:0, instance:com.FailDemo.tests.LoginTest@26ba2a48]" name="setUp" is-config="true" duration-ms="0" started-at="2023-04-14T15:21:45Z" finished-at="2023-04-14T15:21:45Z">
          <params>
            <param index="0">
              <value>
                <![CDATA[Chrome]]>
              </value>
            </param>
          </params>
          <exception class="org.openqa.selenium.SessionNotCreatedException">
            <message>
              <![CDATA[session not created: This version of ChromeDriver only supports Chrome version 109
Current browser version is 111.0.5563.111 with binary path C:\Program Files (x86)\Google\Chrome\Application\chrome.exe
Build info: version: '3.141.59', revision: 'e82be7d358', time: '2018-11-14T08:17:03'
System info: host: 'PG01MM1X', ip: '192.168.0.106', os.name: 'Windows 10', os.arch: 'amd64', os.version: '10.0', java.version: '1.8.0_221'
Driver info: driver.version: ChromeDriver
remote stacktrace: Backtrace:
	(No symbol) [0x003A6643]
	(No symbol) [0x0033BE21]
	(No symbol) [0x0023DA9D]
	(No symbol) [0x00262911]
	(No symbol) [0x0025D630]
	(No symbol) [0x0025A899]
	(No symbol) [0x00296917]
	(No symbol) [0x0029655C]
	(No symbol) [0x0028FB76]
	(No symbol) [0x002649C1]
	(No symbol) [0x00265E5D]
	GetHandleVerifier [0x0061A142+2497106]
	GetHandleVerifier [0x006485D3+2686691]
	GetHandleVerifier [0x0064BB9C+2700460]
	GetHandleVerifier [0x00453B10+635936]
	(No symbol) [0x00344A1F]
	(No symbol) [0x0034A418]
	(No symbol) [0x0034A505]
	(No symbol) [0x0035508B]
	BaseThreadInitThunk [0x772A00F9+25]
	RtlGetAppContainerNamedObjectPath [0x77677BBE+286]
	RtlGetAppContainerNamedObjectPath [0x77677B8E+238]
]]>
            </message>
            <full-stacktrace>
              <![CDATA[org.openqa.selenium.SessionNotCreatedException: session not created: This version of ChromeDriver only supports Chrome version 109
Current browser version is 111.0.5563.111 with binary path C:\Program Files (x86)\Google\Chrome\Application\chrome.exe
Build info: version: '3.141.59', revision: 'e82be7d358', time: '2018-11-14T08:17:03'
System info: host: 'PG01MM1X', ip: '192.168.0.106', os.name: 'Windows 10', os.arch: 'amd64', os.version: '10.0', java.version: '1.8.0_221'
Driver info: driver.version: ChromeDriver
remote stacktrace: Backtrace:
	(No symbol) [0x003A6643]
	(No symbol) [0x0033BE21]
	(No symbol) [0x0023DA9D]
	(No symbol) [0x00262911]
	(No symbol) [0x0025D630]
	(No symbol) [0x0025A899]
	(No symbol) [0x00296917]
	(No symbol) [0x0029655C]
	(No symbol) [0x0028FB76]
	(No symbol) [0x002649C1]
	(No symbol) [0x00265E5D]
	GetHandleVerifier [0x0061A142+2497106]
	GetHandleVerifier [0x006485D3+2686691]
	GetHandleVerifier [0x0064BB9C+2700460]
	GetHandleVerifier [0x00453B10+635936]
	(No symbol) [0x00344A1F]
	(No symbol) [0x0034A418]
	(No symbol) [0x0034A505]
	(No symbol) [0x0035508B]
	BaseThreadInitThunk [0x772A00F9+25]
	RtlGetAppContainerNamedObjectPath [0x77677BBE+286]
	RtlGetAppContainerNamedObjectPath [0x77677B8E+238]

	at sun.reflect.NativeConstructorAccessorImpl.newInstance0(Native Method)
	at sun.reflect.NativeConstructorAccessorImpl.newInstance(NativeConstructorAccessorImpl.java:62)
	at sun.reflect.DelegatingConstructorAccessorImpl.newInstance(DelegatingConstructorAccessorImpl.java:45)
	at java.lang.reflect.Constructor.newInstance(Constructor.java:423)
	at org.openqa.selenium.remote.W3CHandshakeResponse.lambda$errorHandler$0(W3CHandshakeResponse.java:62)
	at org.openqa.selenium.remote.HandshakeResponse.lambda$getResponseFunction$0(HandshakeResponse.java:30)
	at org.openqa.selenium.remote.ProtocolHandshake.lambda$createSession$0(ProtocolHandshake.java:126)
	at java.util.stream.ReferencePipeline$3$1.accept(ReferencePipeline.java:193)
	at java.util.Spliterators$ArraySpliterator.tryAdvance(Spliterators.java:958)
	at java.util.stream.ReferencePipeline.forEachWithCancel(ReferencePipeline.java:126)
	at java.util.stream.AbstractPipeline.copyIntoWithCancel(AbstractPipeline.java:499)
	at java.util.stream.AbstractPipeline.copyInto(AbstractPipeline.java:486)
	at java.util.stream.AbstractPipeline.wrapAndCopyInto(AbstractPipeline.java:472)
	at java.util.stream.FindOps$FindOp.evaluateSequential(FindOps.java:152)
	at java.util.stream.AbstractPipeline.evaluate(AbstractPipeline.java:234)
	at java.util.stream.ReferencePipeline.findFirst(ReferencePipeline.java:464)
	at org.openqa.selenium.remote.ProtocolHandshake.createSession(ProtocolHandshake.java:128)
	at org.openqa.selenium.remote.ProtocolHandshake.createSession(ProtocolHandshake.java:74)
	at org.openqa.selenium.remote.HttpCommandExecutor.execute(HttpCommandExecutor.java:136)
	at org.openqa.selenium.remote.service.DriverCommandExecutor.execute(DriverCommandExecutor.java:83)
	at org.openqa.selenium.remote.RemoteWebDriver.execute(RemoteWebDriver.java:552)
	at org.openqa.selenium.remote.RemoteWebDriver.startSession(RemoteWebDriver.java:213)
	at org.openqa.selenium.remote.RemoteWebDriver.<init>(RemoteWebDriver.java:131)
	at org.openqa.selenium.chrome.ChromeDriver.<init>(ChromeDriver.java:181)
	at org.openqa.selenium.chrome.ChromeDriver.<init>(ChromeDriver.java:168)
	at org.openqa.selenium.chrome.ChromeDriver.<init>(ChromeDriver.java:123)
	at com.qa.paths.WebdriverPaths.Webdriver_chrome(WebdriverPaths.java:61)
	at com.qa.baseclass.Baseclass.setUp(Baseclass.java:100)
	at sun.reflect.NativeMethodAccessorImpl.invoke0(Native Method)
	at sun.reflect.NativeMethodAccessorImpl.invoke(NativeMethodAccessorImpl.java:62)
	at sun.reflect.DelegatingMethodAccessorImpl.invoke(DelegatingMethodAccessorImpl.java:43)
	at java.lang.reflect.Method.invoke(Method.java:498)
	at org.testng.internal.MethodInvocationHelper.invokeMethod(MethodInvocationHelper.java:86)
	at org.testng.internal.Invoker.invokeConfigurationMethod(Invoker.java:514)
	at org.testng.internal.Invoker.invokeConfigurations(Invoker.java:215)
	at org.testng.internal.Invoker.invokeConfigurations(Invoker.java:142)
	at org.testng.SuiteRunner.privateRun(SuiteRunner.java:305)
	at org.testng.SuiteRunner.run(SuiteRunner.java:268)
	at org.testng.SuiteRunnerWorker.runSuite(SuiteRunnerWorker.java:52)
	at org.testng.SuiteRunnerWorker.run(SuiteRunnerWorker.java:86)
	at org.testng.TestNG.runSuitesSequentially(TestNG.java:1244)
	at org.testng.TestNG.runSuitesSequentially(TestNG.java:1240)
	at org.testng.TestNG.runSuitesLocally(TestNG.java:1169)
	at org.testng.TestNG.run(TestNG.java:1064)
	at org.testng.remote.RemoteTestNG.run(RemoteTestNG.java:113)
	at org.testng.remote.RemoteTestNG.initAndRun(RemoteTestNG.java:206)
	at org.testng.remote.RemoteTestNG.main(RemoteTestNG.java:177)
]]>
            </full-stacktrace>
          </exception> <!-- org.openqa.selenium.SessionNotCreatedException -->
          <reporter-output>
          </reporter-output>
        </test-method> <!-- setUp -->
        <test-method status="SKIP" signature="userLogin(java.lang.String)[pri:1, instance:com.FailDemo.tests.LoginTest@26ba2a48]" name="userLogin" duration-ms="0" started-at="2023-04-14T15:21:50Z" finished-at="2023-04-14T15:21:50Z">
          <params>
            <param index="0">
              <value>
                <![CDATA[Chrome]]>
              </value>
            </param>
          </params>
          <reporter-output>
          </reporter-output>
        </test-method> <!-- userLogin -->
        <test-method status="FAIL" signature="userLogin(java.lang.String)[pri:1, instance:com.FailDemo.tests.LoginTest@26ba2a48]" name="userLogin" duration-ms="0" started-at="2023-04-14T15:21:50Z" finished-at="2023-04-14T15:21:50Z">
          <exception class="java.lang.NullPointerException">
            <full-stacktrace>
              <![CDATA[java.lang.NullPointerException
	at com.qa.testlistener.TestListeners.onTestSkipped(TestListeners.java:18)
	at org.testng.internal.Invoker.runTestListeners(Invoker.java:1685)
	at org.testng.internal.Invoker.runTestListeners(Invoker.java:1677)
	at org.testng.internal.Invoker.invokeMethod(Invoker.java:702)
	at org.testng.internal.Invoker.invokeTestMethod(Invoker.java:822)
	at org.testng.internal.Invoker.invokeTestMethods(Invoker.java:1130)
	at org.testng.internal.TestMethodWorker.invokeTestMethods(TestMethodWorker.java:129)
	at org.testng.internal.TestMethodWorker.run(TestMethodWorker.java:112)
	at org.testng.TestRunner.privateRun(TestRunner.java:782)
	at org.testng.TestRunner.run(TestRunner.java:632)
	at org.testng.SuiteRunner.runTest(SuiteRunner.java:366)
	at org.testng.SuiteRunner.runSequentially(SuiteRunner.java:361)
	at org.testng.SuiteRunner.privateRun(SuiteRunner.java:319)
	at org.testng.SuiteRunner.run(SuiteRunner.java:268)
	at org.testng.SuiteRunnerWorker.runSuite(SuiteRunnerWorker.java:52)
	at org.testng.SuiteRunnerWorker.run(SuiteRunnerWorker.java:86)
	at org.testng.TestNG.runSuitesSequentially(TestNG.java:1244)
	at org.testng.TestNG.runSuitesSequentially(TestNG.java:1240)
	at org.testng.TestNG.runSuitesLocally(TestNG.java:1169)
	at org.testng.TestNG.run(TestNG.java:1064)
	at org.testng.remote.RemoteTestNG.run(RemoteTestNG.java:113)
	at org.testng.remote.RemoteTestNG.initAndRun(RemoteTestNG.java:206)
	at org.testng.remote.RemoteTestNG.main(RemoteTestNG.java:177)
]]>
            </full-stacktrace>
          </exception> <!-- java.lang.NullPointerException -->
          <reporter-output>
          </reporter-output>
        </test-method> <!-- userLogin -->
        <test-method status="SKIP" signature="tearDown()[pri:0, instance:com.FailDemo.tests.LoginTest@26ba2a48]" name="tearDown" is-config="true" duration-ms="0" started-at="2023-04-14T15:21:50Z" finished-at="2023-04-14T15:21:50Z">
          <reporter-output>
          </reporter-output>
        </test-method> <!-- tearDown -->
      </class> <!-- com.FailDemo.tests.LoginTest -->
    </test> <!-- LoginTest_FailCase -->
  </suite> <!-- Demo -->
  <suite name="allSuites" duration-ms="0" started-at="2023-04-14T09:51:50Z" finished-at="2023-04-14T09:51:50Z">
    <groups>
    </groups>
  </suite> <!-- allSuites -->
</testng-results>
